Arguments: 
  /usr/local/Cellar/node@8/8.16.0/bin/node /usr/local/Cellar/yarn/1.17.0/libexec/bin/yarn.js add --dev huksy doctoc

PATH: 
  /Users/xiangt/.rvm/gems/ruby-2.6.3/bin:/Users/xiangt/.rvm/gems/ruby-2.6.3@global/bin:/Users/xiangt/.rvm/rubies/ruby-2.6.3/bin:/Users/xiangt/.oh-my-zsh/custom/plugins/git-open:/Users/xiangt/anaconda3/bin:/usr/local/bin:/usr/bin:/bin:/usr/sbin:/sbin:/Applications/Wireshark.app/Contents/MacOS:/Users/xiangt/.rvm/gems/ruby-2.6.3/bin:/Users/xiangt/.rvm/gems/ruby-2.6.3@global/bin:/Users/xiangt/.rvm/rubies/ruby-2.6.3/bin:/Users/xiangt/.oh-my-zsh/custom/plugins/git-open:/Users/xiangt/anaconda3/bin:/Users/xiangt/.rvm/bin:/Users/xiangt/.rvm/bin

Yarn version: 
  1.17.0

Node version: 
  8.16.0

Platform: 
  darwin x64

Trace: 
  Error: https://registry.yarnpkg.com/huksy: Not found
      at Request.params.callback [as _callback] (/usr/local/Cellar/yarn/1.17.0/libexec/lib/cli.js:66823:18)
      at Request.self.callback (/usr/local/Cellar/yarn/1.17.0/libexec/lib/cli.js:140439:22)
      at emitTwo (events.js:126:13)
      at Request.emit (events.js:214:7)
      at Request.<anonymous> (/usr/local/Cellar/yarn/1.17.0/libexec/lib/cli.js:141411:10)
      at emitOne (events.js:116:13)
      at Request.emit (events.js:211:7)
      at IncomingMessage.<anonymous> (/usr/local/Cellar/yarn/1.17.0/libexec/lib/cli.js:141333:12)
      at Object.onceWrapper (events.js:313:30)
      at emitNone (events.js:111:20)

npm manifest: 
  {
    "name": "serverless-restful-api",
    "version": "1.0.0",
    "description": "Serverless webpack example using Typescript",
    "main": "handler.js",
    "scripts": {
      "test": "echo \"Error: no test specified\" && exit 1"
    },
    "dependencies": {
      "source-map-support": "^0.5.10"
    },
    "devDependencies": {
      "@types/aws-lambda": "^8.10.17",
      "@types/node": "^10.12.18",
      "serverless-webpack": "^5.2.0",
      "ts-loader": "^5.3.3",
      "typescript": "^3.2.4",
      "webpack": "^4.29.0"
    },
    "author": "The serverless webpack authors (https://github.com/elastic-coders/serverless-webpack)",
    "license": "MIT",
    "husky": {
      "hooks": {
        "pre-commit": "yarn doctoc README.md --github --title \"## Table Of Content\" && git add -A"
      }
    }
  }

yarn manifest: 
  No manifest

Lockfile: 
  No lockfile
